2024-08-06 20:18:22,286 [ 1] INFO  Unity: LoadingManager start
2024-08-06 20:18:26,074 [ 1] INFO  Unity: DataManager > DataManager()
2024-08-06 20:18:37,531 [ 1] INFO  Unity: UserLoginRequest::user :1833@qq.com psw:123.
2024-08-06 20:18:37,539 [ 1] INFO  Unity: ConnectToServer() Start
2024-08-06 20:18:37,540 [ 1] INFO  Unity: DoConnect
2024-08-06 20:18:37,541 [ 1] INFO  Unity: NetClient.DoConnect on 127.0.0.1:8000
2024-08-06 20:18:37,544 [ 1] INFO  Unity: Connect[0] to server 127.0.0.1:8000

2024-08-06 20:18:37,550 [ 1] INFO  Unity: LoadingManager::OnGameServerConnect :0 reason Success
2024-08-06 20:18:37,763 [ 1] INFO  Unity: OnLogin:Success [None]
2024-08-06 20:18:37,768 [ 1] INFO  Unity: LoadLevel:CharSelect
2024-08-06 20:18:38,008 [ 1] INFO  Unity: LevelLoadCompleted:1
2024-08-06 20:18:38,013 [ 1] INFO  Unity: Select Char:[1]½ð½ÛÄûÃÊ[Archer]
2024-08-06 20:18:39,427 [ 1] INFO  Unity: UserGameEnter::characterIdx :0
2024-08-06 20:18:39,476 [ 1] INFO  Unity: OnGameEnter:Success [None]
2024-08-06 20:18:39,485 [ 1] INFO  Unity: ItemManager:Init[Id:1,Count:200]
2024-08-06 20:18:39,485 [ 1] INFO  Unity: ItemManager:Init[Id:2,Count:100]
2024-08-06 20:18:39,486 [ 1] INFO  Unity: ItemManager:Init[Id:3,Count:30]
2024-08-06 20:18:39,486 [ 1] INFO  Unity: ItemManager:Init[Id:4,Count:120]
2024-08-06 20:18:39,495 [ 1] INFO  Unity: OnMapCharacterEnter:Map:1 Count:1
2024-08-06 20:18:39,502 [ 1] INFO  Unity: AddCharacter:13:½ð½ÛÄûÃÊ Map:1 Entity:(13:pos:(5000,4000,820),dir:(100,0,0),spd:0
2024-08-06 20:18:39,515 [ 1] INFO  Unity: LoadLevel:MainCity
2024-08-06 20:18:40,513 [ 1] WARN  Unity: No mesh data available for mesh Sphere001 on particle system fx_portal. Make sure Read/Write Enabled is set in the importer to work on the particle system renderer

2024-08-06 20:18:40,513 [ 1] WARN  Unity: No mesh data available for mesh Sphere001 on particle system fx_portal. Make sure Read/Write Enabled is set in the importer to work on the particle system renderer

2024-08-06 20:18:40,628 [ 1] INFO  Unity: LevelLoadCompleted:1
2024-08-06 20:19:05,310 [ 1] INFO  Unity: Character_13_½ð½ÛÄûÃÊ OnDestroy:ID:13 POS:(5000, 4000, 820) DIR:(100, 0, 0) SPD:0
2024-08-06 20:19:05,312 [ 1] INFO  Unity: OnDestroy NetworkManager.
2024-08-06 20:19:05,314 [ 1] WARN  Unity: CloseConnection(), errorCode: 1007
UnityEngine.Debug:LogWarning(Object)
Network.NetClient:CloseConnection(Int32) (at Assets/Scripts/Network/NetClient.cs:180)
Network.NetClient:OnDestroy() (at Assets/Scripts/Network/NetClient.cs:175)

